1, 0.0001
0.50000  0.100000  0.0000001
0.49310  0.098620  0.00005
0.48620  0.097239  0.00005
0.48200  0.096239  0.00004
0.47930  0.095859  0.00001
0.47239  0.094479  0.00001
0.43789  0.087577  0.00001
0.43099  0.086197  0.00001
0.42999  0.085197  0.00001
0.42408  0.084817  0.00001
0.41718  0.083437  0.00001
0.41028  0.082056  0.00001
0.40338  0.080676  0.00001
0.39648  0.079296  0.00001
0.38268  0.076535  0.00001
0.37577  0.075155  0.00001
0.37177  0.073155  0.00001
0.36197  0.072394  0.00001
0.35507  0.071014  0.00001
0.35007  0.069014  0.00001
0.34127  0.068254  0.00001
0.33437  0.066873  0.00001
0.32746  0.065493  0.00001
0.32056  0.064113  0.00001
0.31366  0.062732  0.00001
0.30676  0.061352  0.00001
0.29986  0.059972  0.00001
0.28986  0.056972  0.00001
0.27915  0.055831  0.00001
0.20915  0.045831  0.00001
0.18915  0.040831  0.00001
0.16873  0.033746  0.00001
0.15493  0.030986  0.00001
0.14993  0.030086  0.00001
0.14893  0.029886  0.00001
0.14803  0.029606  0.00001
0.12732  0.025465  0.00001
0.11352  0.022704  0.00001
0.10662  0.021324  0.00001
0.092817 0.018563  0.00001
0.085915 0.017183  0.00001
0.079014 0.015803  0.00001
0.065211 0.013042  0.00001
0.060211 0.012042  0.00001
0.05831  0.011662  0.00001
0.044507 0.0089014 0.00001
0.037606 0.0075211 0.00001
0.023803 0.0047606 0.00001
0.016901 0.0033803 0.00001
0.010000 0.0020000 0.00001
